c:\users\andrey\desktop\xe2\wrapperdll\x64\release\wrapper.pch
c:\users\andrey\desktop\xe2\wrapperdll\x64\release\vc143.pdb
c:\users\andrey\desktop\xe2\wrapperdll\x64\release\pch.obj
c:\users\andrey\desktop\xe2\wrapperdll\x64\release\ocvunsharpmask.obj
c:\users\andrey\desktop\xe2\wrapperdll\x64\release\ocvpyramids.obj
c:\users\andrey\desktop\xe2\wrapperdll\x64\release\ocvcopy.obj
c:\users\andrey\desktop\xe2\wrapperdll\x64\release\niimage.obj
c:\users\andrey\desktop\xe2\wrapperdll\x64\release\dllmain.obj
c:\users\andrey\desktop\xe2\wrapperdll\x64\release\advimage.obj
c:\users\andrey\desktop\xe2\wrapperdll\x64\release\wrapper.lib
c:\users\andrey\desktop\xe2\wrapperdll\x64\release\wrapper.exp
c:\users\andrey\desktop\xe2\wrapperdll\x64\release\wrapper.ipdb
c:\users\andrey\desktop\xe2\wrapperdll\x64\release\wrapper.iobj
c:\users\andrey\desktop\xe2\wrapperdll\x64\release\wrapper.dll
c:\users\andrey\desktop\xe2\wrapperdll\x64\release\wrapper.pdb
c:\users\andrey\desktop\xe2\wrapperdll\x64\release\opencvwrapper.ipdb
c:\users\andrey\desktop\xe2\wrapperdll\x64\release\opencvwrapper.iobj
c:\users\andrey\desktop\xe2\wrapperdll\x64\release\opencvwrapper.pch
c:\users\andrey\desktop\xe2\wrapperdll\x64\release\opencvwrapper.exp
c:\users\andrey\desktop\xe2\wrapperdll\x64\release\opencvwrapper.pdb
c:\users\andrey\desktop\xe2\wrapperdll\x64\release\wrapper.tlog\cl.command.1.tlog
c:\users\andrey\desktop\xe2\wrapperdll\x64\release\wrapper.tlog\cl.read.1.tlog
c:\users\andrey\desktop\xe2\wrapperdll\x64\release\wrapper.tlog\cl.write.1.tlog
c:\users\andrey\desktop\xe2\wrapperdll\x64\release\wrapper.tlog\link.command.1.tlog
c:\users\andrey\desktop\xe2\wrapperdll\x64\release\wrapper.tlog\link.read.1.tlog
c:\users\andrey\desktop\xe2\wrapperdll\x64\release\wrapper.tlog\link.write.1.tlog
c:\users\andrey\desktop\xe2\wrapperdll\x64\release\wrapper.tlog\link.write.2u.tlog
